<?xml version="1.0" encoding="UTF-8"?>
<!-- Generated by org.testng.reporters.JUnitReportReporter -->
<testsuite hostname="Sourabh" failures="0" tests="6" name="com.qa.testCases.ContactTest" time="136.181" errors="0" timestamp="02 Mar 2019 05:46:46 GMT" skipped="0">
  <testcase classname="com.qa.testCases.ContactTest" name="verifyLabelTest" time="25.379"/>
  <testcase classname="com.qa.testCases.ContactTest" name="selectSingleContactByName" time="17.092"/>
  <testcase classname="com.qa.testCases.ContactTest" name="selectMultipleContactByName" time="17.566"/>
  <testcase classname="com.qa.testCases.ContactTest" name="createNewContractTest" time="27.016"/>
  <testcase classname="com.qa.testCases.ContactTest" name="createNewContractTest" time="25.662"/>
  <testcase classname="com.qa.testCases.ContactTest" name="createNewContractTest" time="23.466"/>
</testsuite> <!-- com.qa.testCases.ContactTest -->
