<?xml version="1.0" encoding="UTF-8"?>
<!-- Generated by org.testng.reporters.JUnitReportReporter -->
<testsuite hostname="Sourabh" failures="0" tests="3" name="com.qa.testCases.HomePageTest" time="921.027" errors="0" timestamp="07 Mar 2019 03:51:16 GMT" skipped="0">
  <testcase classname="com.qa.testCases.HomePageTest" name="verifyHomePageTitleTest" time="44.481"/>
  <testcase classname="com.qa.testCases.HomePageTest" name="verifyUserNameTest" time="567.320"/>
  <testcase classname="com.qa.testCases.HomePageTest" name="verifyContactLinkTest" time="309.226"/>
</testsuite> <!-- com.qa.testCases.HomePageTest -->
