<?xml version="1.0" encoding="UTF-8"?>
<!-- Generated by org.testng.reporters.JUnitReportReporter -->
<testsuite hostname="Sourabh" failures="0" tests="3" name="com.qa.testData.LoginTest" time="37.929" errors="0" timestamp="26 Feb 2019 18:28:55 GMT" skipped="0">
  <testcase classname="com.qa.testData.LoginTest" name="titleVerificationTest" time="9.283"/>
  <testcase classname="com.qa.testData.LoginTest" name="crmLogoVerificationTest" time="11.991"/>
  <testcase classname="com.qa.testData.LoginTest" name="loginTestVerification" time="16.655"/>
</testsuite> <!-- com.qa.testData.LoginTest -->
