<?xml version="1.0" encoding="UTF-8"?>
<!-- Generated by org.testng.reporters.JUnitReportReporter -->
<testsuite skipped="0" hostname="Sourabh" name="com.qa.testCases.ContactTest" tests="6" failures="0" timestamp="02 Mar 2019 17:20:11 GMT" time="129.650" errors="0">
  <testcase name="verifyLabelTest" time="21.176" classname="com.qa.testCases.ContactTest"/>
  <testcase name="selectSingleContactByName" time="21.814" classname="com.qa.testCases.ContactTest"/>
  <testcase name="selectMultipleContactByName" time="19.643" classname="com.qa.testCases.ContactTest"/>
  <testcase name="createNewContractTest" time="22.605" classname="com.qa.testCases.ContactTest"/>
  <testcase name="createNewContractTest" time="21.864" classname="com.qa.testCases.ContactTest"/>
  <testcase name="createNewContractTest" time="22.548" classname="com.qa.testCases.ContactTest"/>
</testsuite> <!-- com.qa.testCases.ContactTest -->
