<?xml version="1.0" encoding="UTF-8"?>
<!-- Generated by org.testng.reporters.JUnitReportReporter -->
<testsuite skipped="0" hostname="Sourabh" name="com.qa.testCases.HomePageTest" tests="3" failures="0" timestamp="02 Mar 2019 17:20:11 GMT" time="55.585" errors="0">
  <testcase name="verifyHomePageTitleTest" time="18.523" classname="com.qa.testCases.HomePageTest"/>
  <testcase name="verifyUserNameTest" time="16.880" classname="com.qa.testCases.HomePageTest"/>
  <testcase name="verifyContactLinkTest" time="20.182" classname="com.qa.testCases.HomePageTest"/>
</testsuite> <!-- com.qa.testCases.HomePageTest -->
