<?xml version="1.0" encoding="UTF-8"?>
<!-- Generated by org.testng.reporters.JUnitReportReporter -->
<testsuite skipped="0" hostname="Sourabh" name="com.qa.testCases.LoginTest" tests="3" failures="0" timestamp="02 Mar 2019 17:20:11 GMT" time="40.974" errors="0">
  <testcase name="titleVerificationTest" time="11.233" classname="com.qa.testCases.LoginTest"/>
  <testcase name="crmLogoVerificationTest" time="12.525" classname="com.qa.testCases.LoginTest"/>
  <testcase name="loginTestVerification" time="17.216" classname="com.qa.testCases.LoginTest"/>
</testsuite> <!-- com.qa.testCases.LoginTest -->
