<?xml version="1.0" encoding="UTF-8"?>
<!-- Generated by org.testng.reporters.JUnitReportReporter -->
<testsuite hostname="Asus" failures="0" tests="3" name="com.qa.testCases.LoginTest" time="47.474" errors="0" timestamp="27 Jan 2022 05:03:49 GMT" skipped="0">
  <testcase classname="com.qa.testCases.LoginTest" name="titleVerificationTest" time="10.643"/>
  <testcase classname="com.qa.testCases.LoginTest" name="crmLogoVerificationTest" time="16.577"/>
  <testcase classname="com.qa.testCases.LoginTest" name="loginTestVerification" time="20.254"/>
</testsuite> <!-- com.qa.testCases.LoginTest -->
